2025-09-22 11:34:43,313 - INFO - Anexo salvo: anexos\15_image 21.png
2025-09-22 11:34:43,321 - INFO - Dados salvos em fact_nomeacao.csv: 15 registros
2025-09-22 11:34:43,322 - INFO - Nova nomeação criada: ID 15, Nomeador: Pedro Lustosa, Nomeado: Juliana Campiolo
2025-09-22 11:35:16,664 - INFO - Dados salvos em fact_nomeacao.csv: 15 registros
2025-09-22 11:35:16,665 - INFO - Nomeação 15 aprovada
2025-09-22 12:24:52,472 - WARNING - Imagem do pilar não encontrada: C:\Users\G3NX\Documents\programa_mais_geams\assets\pillar_icons\a_forja_da_inovacao.png
2025-09-22 12:24:52,475 - WARNING - Imagem do pilar não encontrada: C:\Users\G3NX\Documents\programa_mais_geams\assets\pillar_icons\a_forja_da_inovacao.png
2025-09-22 12:24:52,479 - WARNING - Imagem do pilar não encontrada: C:\Users\G3NX\Documents\programa_mais_geams\assets\pillar_icons\a_forja_da_inovacao.png
2025-09-22 12:24:52,494 - WARNING - Imagem do pilar não encontrada: C:\Users\G3NX\Documents\programa_mais_geams\assets\pillar_icons\a_forja_da_inovacao.png
2025-09-22 12:24:52,496 - WARNING - Imagem do pilar não encontrada: C:\Users\G3NX\Documents\programa_mais_geams\assets\pillar_icons\a_forja_da_inovacao.png
2025-09-22 12:25:36,660 - WARNING - Imagem do pilar não encontrada: C:\Users\G3NX\Documents\programa_mais_geams\assets\pillar_icons\a_forja_da_inovacao.png
2025-09-22 12:25:36,667 - WARNING - Imagem do pilar não encontrada: C:\Users\G3NX\Documents\programa_mais_geams\assets\pillar_icons\a_forja_da_inovacao.png
2025-09-22 12:25:36,675 - WARNING - Imagem do pilar não encontrada: C:\Users\G3NX\Documents\programa_mais_geams\assets\pillar_icons\a_forja_da_inovacao.png
2025-09-22 12:25:36,682 - WARNING - Imagem do pilar não encontrada: C:\Users\G3NX\Documents\programa_mais_geams\assets\pillar_icons\a_forja_da_inovacao.png
2025-09-22 12:25:36,689 - WARNING - Imagem do pilar não encontrada: C:\Users\G3NX\Documents\programa_mais_geams\assets\pillar_icons\a_forja_da_inovacao.png
2025-09-22 12:25:36,694 - WARNING - Imagem do pilar não encontrada: C:\Users\G3NX\Documents\programa_mais_geams\assets\pillar_icons\a_forja_da_inovacao.png
2025-09-22 12:25:36,701 - WARNING - Imagem do pilar não encontrada: C:\Users\G3NX\Documents\programa_mais_geams\assets\pillar_icons\a_forja_da_inovacao.png
2025-09-22 12:25:36,708 - WARNING - Imagem do pilar não encontrada: C:\Users\G3NX\Documents\programa_mais_geams\assets\pillar_icons\a_forja_da_inovacao.png
2025-09-22 12:25:36,714 - WARNING - Imagem do pilar não encontrada: C:\Users\G3NX\Documents\programa_mais_geams\assets\pillar_icons\a_forja_da_inovacao.png
2025-09-22 12:25:36,721 - WARNING - Imagem do pilar não encontrada: C:\Users\G3NX\Documents\programa_mais_geams\assets\pillar_icons\a_forja_da_inovacao.png
2025-09-22 12:25:36,727 - WARNING - Imagem do pilar não encontrada: C:\Users\G3NX\Documents\programa_mais_geams\assets\pillar_icons\a_forja_da_inovacao.png
2025-09-22 12:26:11,396 - WARNING - Imagem do pilar não encontrada: C:\Users\G3NX\Documents\programa_mais_geams\assets\pillar_icons\a_forja_da_inovacao.png
2025-09-22 12:26:11,398 - WARNING - Imagem do pilar não encontrada: C:\Users\G3NX\Documents\programa_mais_geams\assets\pillar_icons\a_forja_da_inovacao.png
2025-09-22 12:26:11,401 - WARNING - Imagem do pilar não encontrada: C:\Users\G3NX\Documents\programa_mais_geams\assets\pillar_icons\a_forja_da_inovacao.png
2025-09-22 12:26:11,403 - WARNING - Imagem do pilar não encontrada: C:\Users\G3NX\Documents\programa_mais_geams\assets\pillar_icons\a_forja_da_inovacao.png
2025-09-22 12:26:11,405 - WARNING - Imagem do pilar não encontrada: C:\Users\G3NX\Documents\programa_mais_geams\assets\pillar_icons\a_forja_da_inovacao.png
2025-09-22 12:26:11,408 - WARNING - Imagem do pilar não encontrada: C:\Users\G3NX\Documents\programa_mais_geams\assets\pillar_icons\a_forja_da_inovacao.png
2025-09-22 12:26:11,410 - WARNING - Imagem do pilar não encontrada: C:\Users\G3NX\Documents\programa_mais_geams\assets\pillar_icons\a_forja_da_inovacao.png
2025-09-22 12:26:11,414 - WARNING - Imagem do pilar não encontrada: C:\Users\G3NX\Documents\programa_mais_geams\assets\pillar_icons\a_forja_da_inovacao.png
2025-09-22 12:26:11,418 - WARNING - Imagem do pilar não encontrada: C:\Users\G3NX\Documents\programa_mais_geams\assets\pillar_icons\a_forja_da_inovacao.png
2025-09-22 12:26:11,420 - WARNING - Imagem do pilar não encontrada: C:\Users\G3NX\Documents\programa_mais_geams\assets\pillar_icons\a_forja_da_inovacao.png
2025-09-22 12:26:11,421 - WARNING - Imagem do pilar não encontrada: C:\Users\G3NX\Documents\programa_mais_geams\assets\pillar_icons\a_forja_da_inovacao.png
2025-09-22 12:26:14,500 - WARNING - Imagem do pilar não encontrada: C:\Users\G3NX\Documents\programa_mais_geams\assets\pillar_icons\a_forja_da_inovacao.png
2025-09-22 12:26:14,501 - WARNING - Imagem do pilar não encontrada: C:\Users\G3NX\Documents\programa_mais_geams\assets\pillar_icons\a_forja_da_inovacao.png
2025-09-22 12:26:14,502 - WARNING - Imagem do pilar não encontrada: C:\Users\G3NX\Documents\programa_mais_geams\assets\pillar_icons\a_forja_da_inovacao.png
2025-09-22 12:26:14,503 - WARNING - Imagem do pilar não encontrada: C:\Users\G3NX\Documents\programa_mais_geams\assets\pillar_icons\a_forja_da_inovacao.png
2025-09-22 12:26:14,504 - WARNING - Imagem do pilar não encontrada: C:\Users\G3NX\Documents\programa_mais_geams\assets\pillar_icons\a_forja_da_inovacao.png
2025-09-22 12:26:14,507 - WARNING - Imagem do pilar não encontrada: C:\Users\G3NX\Documents\programa_mais_geams\assets\pillar_icons\a_forja_da_inovacao.png
2025-09-22 12:26:14,508 - WARNING - Imagem do pilar não encontrada: C:\Users\G3NX\Documents\programa_mais_geams\assets\pillar_icons\a_forja_da_inovacao.png
2025-09-22 12:26:14,509 - WARNING - Imagem do pilar não encontrada: C:\Users\G3NX\Documents\programa_mais_geams\assets\pillar_icons\a_forja_da_inovacao.png
2025-09-22 12:26:14,512 - WARNING - Imagem do pilar não encontrada: C:\Users\G3NX\Documents\programa_mais_geams\assets\pillar_icons\a_forja_da_inovacao.png
2025-09-22 12:26:14,514 - WARNING - Imagem do pilar não encontrada: C:\Users\G3NX\Documents\programa_mais_geams\assets\pillar_icons\a_forja_da_inovacao.png
2025-09-22 12:26:14,516 - WARNING - Imagem do pilar não encontrada: C:\Users\G3NX\Documents\programa_mais_geams\assets\pillar_icons\a_forja_da_inovacao.png
2025-09-22 12:26:14,520 - WARNING - Imagem do pilar não encontrada: C:\Users\G3NX\Documents\programa_mais_geams\assets\pillar_icons\a_forja_da_inovacao.png
2025-09-22 12:26:16,698 - WARNING - Imagem do pilar não encontrada: C:\Users\G3NX\Documents\programa_mais_geams\assets\pillar_icons\a_forja_da_inovacao.png
2025-09-22 12:26:16,700 - WARNING - Imagem do pilar não encontrada: C:\Users\G3NX\Documents\programa_mais_geams\assets\pillar_icons\a_forja_da_inovacao.png
2025-09-22 12:26:16,702 - WARNING - Imagem do pilar não encontrada: C:\Users\G3NX\Documents\programa_mais_geams\assets\pillar_icons\a_forja_da_inovacao.png
2025-09-22 12:26:16,703 - WARNING - Imagem do pilar não encontrada: C:\Users\G3NX\Documents\programa_mais_geams\assets\pillar_icons\a_forja_da_inovacao.png
2025-09-22 12:26:16,706 - WARNING - Imagem do pilar não encontrada: C:\Users\G3NX\Documents\programa_mais_geams\assets\pillar_icons\a_forja_da_inovacao.png
2025-09-22 12:26:16,709 - WARNING - Imagem do pilar não encontrada: C:\Users\G3NX\Documents\programa_mais_geams\assets\pillar_icons\a_forja_da_inovacao.png
2025-09-22 12:26:16,713 - WARNING - Imagem do pilar não encontrada: C:\Users\G3NX\Documents\programa_mais_geams\assets\pillar_icons\a_forja_da_inovacao.png
2025-09-22 12:26:16,716 - WARNING - Imagem do pilar não encontrada: C:\Users\G3NX\Documents\programa_mais_geams\assets\pillar_icons\a_forja_da_inovacao.png
2025-09-22 12:26:16,720 - WARNING - Imagem do pilar não encontrada: C:\Users\G3NX\Documents\programa_mais_geams\assets\pillar_icons\a_forja_da_inovacao.png
2025-09-22 12:26:16,722 - WARNING - Imagem do pilar não encontrada: C:\Users\G3NX\Documents\programa_mais_geams\assets\pillar_icons\a_forja_da_inovacao.png
2025-09-22 12:26:16,725 - WARNING - Imagem do pilar não encontrada: C:\Users\G3NX\Documents\programa_mais_geams\assets\pillar_icons\a_forja_da_inovacao.png
2025-09-22 12:26:16,732 - WARNING - Imagem do pilar não encontrada: C:\Users\G3NX\Documents\programa_mais_geams\assets\pillar_icons\a_forja_da_inovacao.png
2025-09-22 12:26:20,298 - WARNING - Imagem do pilar não encontrada: C:\Users\G3NX\Documents\programa_mais_geams\assets\pillar_icons\a_forja_da_inovacao.png
2025-09-22 12:26:20,300 - WARNING - Imagem do pilar não encontrada: C:\Users\G3NX\Documents\programa_mais_geams\assets\pillar_icons\a_forja_da_inovacao.png
2025-09-22 12:26:20,302 - WARNING - Imagem do pilar não encontrada: C:\Users\G3NX\Documents\programa_mais_geams\assets\pillar_icons\a_forja_da_inovacao.png
2025-09-22 12:26:20,303 - WARNING - Imagem do pilar não encontrada: C:\Users\G3NX\Documents\programa_mais_geams\assets\pillar_icons\a_forja_da_inovacao.png
2025-09-22 12:26:20,305 - WARNING - Imagem do pilar não encontrada: C:\Users\G3NX\Documents\programa_mais_geams\assets\pillar_icons\a_forja_da_inovacao.png
2025-09-22 12:26:20,307 - WARNING - Imagem do pilar não encontrada: C:\Users\G3NX\Documents\programa_mais_geams\assets\pillar_icons\a_forja_da_inovacao.png
2025-09-22 12:26:20,310 - WARNING - Imagem do pilar não encontrada: C:\Users\G3NX\Documents\programa_mais_geams\assets\pillar_icons\a_forja_da_inovacao.png
2025-09-22 12:26:20,313 - WARNING - Imagem do pilar não encontrada: C:\Users\G3NX\Documents\programa_mais_geams\assets\pillar_icons\a_forja_da_inovacao.png
2025-09-22 12:26:20,315 - WARNING - Imagem do pilar não encontrada: C:\Users\G3NX\Documents\programa_mais_geams\assets\pillar_icons\a_forja_da_inovacao.png
2025-09-22 12:26:20,318 - WARNING - Imagem do pilar não encontrada: C:\Users\G3NX\Documents\programa_mais_geams\assets\pillar_icons\a_forja_da_inovacao.png
2025-09-22 12:26:20,322 - WARNING - Imagem do pilar não encontrada: C:\Users\G3NX\Documents\programa_mais_geams\assets\pillar_icons\a_forja_da_inovacao.png
2025-09-22 12:26:20,327 - WARNING - Imagem do pilar não encontrada: C:\Users\G3NX\Documents\programa_mais_geams\assets\pillar_icons\a_forja_da_inovacao.png
2025-09-22 12:26:21,803 - WARNING - Imagem do pilar não encontrada: C:\Users\G3NX\Documents\programa_mais_geams\assets\pillar_icons\a_forja_da_inovacao.png
2025-09-22 12:26:21,805 - WARNING - Imagem do pilar não encontrada: C:\Users\G3NX\Documents\programa_mais_geams\assets\pillar_icons\a_forja_da_inovacao.png
2025-09-22 12:26:21,807 - WARNING - Imagem do pilar não encontrada: C:\Users\G3NX\Documents\programa_mais_geams\assets\pillar_icons\a_forja_da_inovacao.png
2025-09-22 12:26:21,809 - WARNING - Imagem do pilar não encontrada: C:\Users\G3NX\Documents\programa_mais_geams\assets\pillar_icons\a_forja_da_inovacao.png
2025-09-22 12:26:21,811 - WARNING - Imagem do pilar não encontrada: C:\Users\G3NX\Documents\programa_mais_geams\assets\pillar_icons\a_forja_da_inovacao.png
2025-09-22 12:26:21,814 - WARNING - Imagem do pilar não encontrada: C:\Users\G3NX\Documents\programa_mais_geams\assets\pillar_icons\a_forja_da_inovacao.png
2025-09-22 12:26:21,817 - WARNING - Imagem do pilar não encontrada: C:\Users\G3NX\Documents\programa_mais_geams\assets\pillar_icons\a_forja_da_inovacao.png
2025-09-22 12:26:21,819 - WARNING - Imagem do pilar não encontrada: C:\Users\G3NX\Documents\programa_mais_geams\assets\pillar_icons\a_forja_da_inovacao.png
2025-09-22 12:26:21,822 - WARNING - Imagem do pilar não encontrada: C:\Users\G3NX\Documents\programa_mais_geams\assets\pillar_icons\a_forja_da_inovacao.png
2025-09-22 12:26:21,825 - WARNING - Imagem do pilar não encontrada: C:\Users\G3NX\Documents\programa_mais_geams\assets\pillar_icons\a_forja_da_inovacao.png
2025-09-22 12:26:21,827 - WARNING - Imagem do pilar não encontrada: C:\Users\G3NX\Documents\programa_mais_geams\assets\pillar_icons\a_forja_da_inovacao.png
2025-09-22 12:26:21,836 - WARNING - Imagem do pilar não encontrada: C:\Users\G3NX\Documents\programa_mais_geams\assets\pillar_icons\a_forja_da_inovacao.png
2025-09-22 12:26:22,152 - INFO - Anexo salvo: anexos\16_Certificado.png
2025-09-22 12:26:22,162 - INFO - Dados salvos em fact_nomeacao.csv: 16 registros
2025-09-22 12:26:22,165 - INFO - Nova nomeação criada: ID 16, Nomeador: Pedro Lustosa, Nomeado: Carlos
2025-09-22 12:26:25,264 - WARNING - Imagem do pilar não encontrada: C:\Users\G3NX\Documents\programa_mais_geams\assets\pillar_icons\a_forja_da_inovacao.png
2025-09-22 12:26:25,265 - WARNING - Imagem do pilar não encontrada: C:\Users\G3NX\Documents\programa_mais_geams\assets\pillar_icons\a_forja_da_inovacao.png
2025-09-22 12:26:25,266 - WARNING - Imagem do pilar não encontrada: C:\Users\G3NX\Documents\programa_mais_geams\assets\pillar_icons\a_forja_da_inovacao.png
2025-09-22 12:26:25,267 - WARNING - Imagem do pilar não encontrada: C:\Users\G3NX\Documents\programa_mais_geams\assets\pillar_icons\a_forja_da_inovacao.png
2025-09-22 12:26:25,268 - WARNING - Imagem do pilar não encontrada: C:\Users\G3NX\Documents\programa_mais_geams\assets\pillar_icons\a_forja_da_inovacao.png
2025-09-22 12:26:25,269 - WARNING - Imagem do pilar não encontrada: C:\Users\G3NX\Documents\programa_mais_geams\assets\pillar_icons\a_forja_da_inovacao.png
2025-09-22 12:26:25,270 - WARNING - Imagem do pilar não encontrada: C:\Users\G3NX\Documents\programa_mais_geams\assets\pillar_icons\a_forja_da_inovacao.png
2025-09-22 12:26:25,272 - WARNING - Imagem do pilar não encontrada: C:\Users\G3NX\Documents\programa_mais_geams\assets\pillar_icons\a_forja_da_inovacao.png
2025-09-22 12:26:25,278 - WARNING - Imagem do pilar não encontrada: C:\Users\G3NX\Documents\programa_mais_geams\assets\pillar_icons\a_forja_da_inovacao.png
2025-09-22 12:26:25,281 - WARNING - Imagem do pilar não encontrada: C:\Users\G3NX\Documents\programa_mais_geams\assets\pillar_icons\a_forja_da_inovacao.png
2025-09-22 12:26:25,284 - WARNING - Imagem do pilar não encontrada: C:\Users\G3NX\Documents\programa_mais_geams\assets\pillar_icons\a_forja_da_inovacao.png
2025-09-22 12:26:25,288 - WARNING - Imagem do pilar não encontrada: C:\Users\G3NX\Documents\programa_mais_geams\assets\pillar_icons\a_forja_da_inovacao.png
2025-09-22 12:26:38,755 - WARNING - Imagem do pilar não encontrada: C:\Users\G3NX\Documents\programa_mais_geams\assets\pillar_icons\a_forja_da_inovacao.png
2025-09-22 12:26:38,757 - WARNING - Imagem do pilar não encontrada: C:\Users\G3NX\Documents\programa_mais_geams\assets\pillar_icons\a_forja_da_inovacao.png
2025-09-22 12:26:38,759 - WARNING - Imagem do pilar não encontrada: C:\Users\G3NX\Documents\programa_mais_geams\assets\pillar_icons\a_forja_da_inovacao.png
2025-09-22 12:26:38,769 - WARNING - Imagem do pilar não encontrada: C:\Users\G3NX\Documents\programa_mais_geams\assets\pillar_icons\a_forja_da_inovacao.png
2025-09-22 12:26:38,772 - WARNING - Imagem do pilar não encontrada: C:\Users\G3NX\Documents\programa_mais_geams\assets\pillar_icons\a_forja_da_inovacao.png
2025-09-22 12:26:53,593 - WARNING - Imagem do pilar não encontrada: C:\Users\G3NX\Documents\programa_mais_geams\assets\pillar_icons\a_forja_da_inovacao.png
2025-09-22 12:26:53,594 - WARNING - Imagem do pilar não encontrada: C:\Users\G3NX\Documents\programa_mais_geams\assets\pillar_icons\a_forja_da_inovacao.png
2025-09-22 12:26:53,596 - WARNING - Imagem do pilar não encontrada: C:\Users\G3NX\Documents\programa_mais_geams\assets\pillar_icons\a_forja_da_inovacao.png
2025-09-22 12:26:53,608 - WARNING - Imagem do pilar não encontrada: C:\Users\G3NX\Documents\programa_mais_geams\assets\pillar_icons\a_forja_da_inovacao.png
2025-09-22 12:26:53,612 - WARNING - Imagem do pilar não encontrada: C:\Users\G3NX\Documents\programa_mais_geams\assets\pillar_icons\a_forja_da_inovacao.png
2025-09-22 12:30:02,020 - INFO - Dados de GEMS limpos: 52 missões processadas
2025-09-22 12:30:02,047 - WARNING - Imagem do pilar não encontrada: C:\Users\G3NX\Documents\programa_mais_geams\assets\pillar_icons\a_forja_da_inovacao.png
2025-09-22 12:30:02,381 - WARNING - Imagem do pilar não encontrada: C:\Users\G3NX\Documents\programa_mais_geams\assets\pillar_icons\a_forja_da_inovacao.png
2025-09-22 12:30:02,386 - WARNING - Imagem do pilar não encontrada: C:\Users\G3NX\Documents\programa_mais_geams\assets\pillar_icons\a_forja_da_inovacao.png
2025-09-22 12:30:02,389 - WARNING - Imagem do pilar não encontrada: C:\Users\G3NX\Documents\programa_mais_geams\assets\pillar_icons\a_forja_da_inovacao.png
2025-09-22 12:30:02,393 - WARNING - Imagem do pilar não encontrada: C:\Users\G3NX\Documents\programa_mais_geams\assets\pillar_icons\a_forja_da_inovacao.png
2025-09-22 12:30:02,399 - WARNING - Imagem do pilar não encontrada: C:\Users\G3NX\Documents\programa_mais_geams\assets\pillar_icons\a_forja_da_inovacao.png
2025-09-22 12:30:02,404 - WARNING - Imagem do pilar não encontrada: C:\Users\G3NX\Documents\programa_mais_geams\assets\pillar_icons\a_forja_da_inovacao.png
2025-09-22 12:30:02,406 - WARNING - Imagem do pilar não encontrada: C:\Users\G3NX\Documents\programa_mais_geams\assets\pillar_icons\a_forja_da_inovacao.png
2025-09-22 12:30:02,411 - WARNING - Imagem do pilar não encontrada: C:\Users\G3NX\Documents\programa_mais_geams\assets\pillar_icons\a_forja_da_inovacao.png
2025-09-22 12:30:02,415 - WARNING - Imagem do pilar não encontrada: C:\Users\G3NX\Documents\programa_mais_geams\assets\pillar_icons\a_forja_da_inovacao.png
2025-09-22 12:30:02,420 - WARNING - Imagem do pilar não encontrada: C:\Users\G3NX\Documents\programa_mais_geams\assets\pillar_icons\a_forja_da_inovacao.png
2025-09-22 12:30:02,423 - WARNING - Imagem do pilar não encontrada: C:\Users\G3NX\Documents\programa_mais_geams\assets\pillar_icons\a_forja_da_inovacao.png
2025-09-22 12:30:38,209 - WARNING - Imagem do pilar não encontrada: C:\Users\G3NX\Documents\programa_mais_geams\assets\pillar_icons\a_forja_da_inovacao.png
2025-09-22 12:30:38,211 - WARNING - Imagem do pilar não encontrada: C:\Users\G3NX\Documents\programa_mais_geams\assets\pillar_icons\a_forja_da_inovacao.png
2025-09-22 12:30:38,213 - WARNING - Imagem do pilar não encontrada: C:\Users\G3NX\Documents\programa_mais_geams\assets\pillar_icons\a_forja_da_inovacao.png
2025-09-22 12:30:38,225 - WARNING - Imagem do pilar não encontrada: C:\Users\G3NX\Documents\programa_mais_geams\assets\pillar_icons\a_forja_da_inovacao.png
2025-09-22 12:30:38,227 - WARNING - Imagem do pilar não encontrada: C:\Users\G3NX\Documents\programa_mais_geams\assets\pillar_icons\a_forja_da_inovacao.png
2025-09-22 12:30:42,024 - INFO - Dados de GEMS limpos: 52 missões processadas
2025-09-22 12:30:42,038 - WARNING - Imagem do pilar não encontrada: C:\Users\G3NX\Documents\programa_mais_geams\assets\pillar_icons\a_forja_da_inovacao.png
2025-09-22 12:30:42,289 - WARNING - Imagem do pilar não encontrada: C:\Users\G3NX\Documents\programa_mais_geams\assets\pillar_icons\a_forja_da_inovacao.png
2025-09-22 12:30:42,292 - WARNING - Imagem do pilar não encontrada: C:\Users\G3NX\Documents\programa_mais_geams\assets\pillar_icons\a_forja_da_inovacao.png
2025-09-22 12:30:42,294 - WARNING - Imagem do pilar não encontrada: C:\Users\G3NX\Documents\programa_mais_geams\assets\pillar_icons\a_forja_da_inovacao.png
2025-09-22 12:30:42,296 - WARNING - Imagem do pilar não encontrada: C:\Users\G3NX\Documents\programa_mais_geams\assets\pillar_icons\a_forja_da_inovacao.png
2025-09-22 12:30:42,299 - WARNING - Imagem do pilar não encontrada: C:\Users\G3NX\Documents\programa_mais_geams\assets\pillar_icons\a_forja_da_inovacao.png
2025-09-22 12:30:42,302 - WARNING - Imagem do pilar não encontrada: C:\Users\G3NX\Documents\programa_mais_geams\assets\pillar_icons\a_forja_da_inovacao.png
2025-09-22 12:30:42,305 - WARNING - Imagem do pilar não encontrada: C:\Users\G3NX\Documents\programa_mais_geams\assets\pillar_icons\a_forja_da_inovacao.png
2025-09-22 12:30:42,307 - WARNING - Imagem do pilar não encontrada: C:\Users\G3NX\Documents\programa_mais_geams\assets\pillar_icons\a_forja_da_inovacao.png
2025-09-22 12:30:42,309 - WARNING - Imagem do pilar não encontrada: C:\Users\G3NX\Documents\programa_mais_geams\assets\pillar_icons\a_forja_da_inovacao.png
2025-09-22 12:30:42,312 - WARNING - Imagem do pilar não encontrada: C:\Users\G3NX\Documents\programa_mais_geams\assets\pillar_icons\a_forja_da_inovacao.png
2025-09-22 12:30:42,314 - WARNING - Imagem do pilar não encontrada: C:\Users\G3NX\Documents\programa_mais_geams\assets\pillar_icons\a_forja_da_inovacao.png
2025-09-22 12:33:06,342 - WARNING - Imagem do pilar não encontrada: C:\Users\G3NX\Documents\programa_mais_geams\assets\pillar_icons\a_forja_da_inovacao.png
2025-09-22 12:33:06,349 - WARNING - Imagem do pilar não encontrada: C:\Users\G3NX\Documents\programa_mais_geams\assets\pillar_icons\a_forja_da_inovacao.png
2025-09-22 12:33:06,351 - WARNING - Imagem do pilar não encontrada: C:\Users\G3NX\Documents\programa_mais_geams\assets\pillar_icons\a_forja_da_inovacao.png
2025-09-22 12:33:06,353 - WARNING - Imagem do pilar não encontrada: C:\Users\G3NX\Documents\programa_mais_geams\assets\pillar_icons\a_forja_da_inovacao.png
2025-09-22 12:33:24,474 - WARNING - Imagem do pilar não encontrada: C:\Users\G3NX\Documents\programa_mais_geams\assets\pillar_icons\a_forja_da_inovacao.png
2025-09-22 12:33:24,479 - WARNING - Imagem do pilar não encontrada: C:\Users\G3NX\Documents\programa_mais_geams\assets\pillar_icons\a_forja_da_inovacao.png
2025-09-22 12:33:24,481 - WARNING - Imagem do pilar não encontrada: C:\Users\G3NX\Documents\programa_mais_geams\assets\pillar_icons\a_forja_da_inovacao.png
2025-09-22 12:33:24,483 - WARNING - Imagem do pilar não encontrada: C:\Users\G3NX\Documents\programa_mais_geams\assets\pillar_icons\a_forja_da_inovacao.png
2025-09-22 12:33:24,493 - WARNING - Imagem do pilar não encontrada: C:\Users\G3NX\Documents\programa_mais_geams\assets\pillar_icons\a_forja_da_inovacao.png
2025-09-22 12:33:24,501 - WARNING - Imagem do pilar não encontrada: C:\Users\G3NX\Documents\programa_mais_geams\assets\pillar_icons\a_forja_da_inovacao.png
2025-09-22 12:33:24,522 - WARNING - Imagem do pilar não encontrada: C:\Users\G3NX\Documents\programa_mais_geams\assets\pillar_icons\a_forja_da_inovacao.png
2025-09-22 12:33:24,538 - WARNING - Imagem do pilar não encontrada: C:\Users\G3NX\Documents\programa_mais_geams\assets\pillar_icons\a_forja_da_inovacao.png
2025-09-22 12:33:24,545 - WARNING - Imagem do pilar não encontrada: C:\Users\G3NX\Documents\programa_mais_geams\assets\pillar_icons\a_forja_da_inovacao.png
2025-09-22 12:33:24,555 - WARNING - Imagem do pilar não encontrada: C:\Users\G3NX\Documents\programa_mais_geams\assets\pillar_icons\a_forja_da_inovacao.png
2025-09-22 12:33:24,559 - WARNING - Imagem do pilar não encontrada: C:\Users\G3NX\Documents\programa_mais_geams\assets\pillar_icons\a_forja_da_inovacao.png
2025-09-22 12:33:24,564 - WARNING - Imagem do pilar não encontrada: C:\Users\G3NX\Documents\programa_mais_geams\assets\pillar_icons\a_forja_da_inovacao.png
2025-09-22 12:34:08,729 - WARNING - Imagem do pilar não encontrada: C:\Users\G3NX\Documents\programa_mais_geams\assets\pillar_icons\a_forja_da_inovacao.png
2025-09-22 12:34:08,733 - WARNING - Imagem do pilar não encontrada: C:\Users\G3NX\Documents\programa_mais_geams\assets\pillar_icons\a_forja_da_inovacao.png
2025-09-22 12:34:08,738 - WARNING - Imagem do pilar não encontrada: C:\Users\G3NX\Documents\programa_mais_geams\assets\pillar_icons\a_forja_da_inovacao.png
2025-09-22 12:34:08,753 - WARNING - Imagem do pilar não encontrada: C:\Users\G3NX\Documents\programa_mais_geams\assets\pillar_icons\a_forja_da_inovacao.png
2025-09-22 12:34:08,756 - WARNING - Imagem do pilar não encontrada: C:\Users\G3NX\Documents\programa_mais_geams\assets\pillar_icons\a_forja_da_inovacao.png
2025-09-22 12:34:12,070 - WARNING - Imagem do pilar não encontrada: C:\Users\G3NX\Documents\programa_mais_geams\assets\pillar_icons\a_forja_da_inovacao.png
2025-09-22 12:34:12,079 - WARNING - Imagem do pilar não encontrada: C:\Users\G3NX\Documents\programa_mais_geams\assets\pillar_icons\a_forja_da_inovacao.png
2025-09-22 12:34:12,083 - WARNING - Imagem do pilar não encontrada: C:\Users\G3NX\Documents\programa_mais_geams\assets\pillar_icons\a_forja_da_inovacao.png
2025-09-22 12:34:12,086 - WARNING - Imagem do pilar não encontrada: C:\Users\G3NX\Documents\programa_mais_geams\assets\pillar_icons\a_forja_da_inovacao.png
2025-09-22 12:38:37,971 - WARNING - Imagem do pilar não encontrada: C:\Users\G3NX\Documents\programa_mais_geams\assets\pillar_icons\a_forja_da_inovacao.png
2025-09-22 12:38:37,974 - WARNING - Imagem do pilar não encontrada: C:\Users\G3NX\Documents\programa_mais_geams\assets\pillar_icons\a_forja_da_inovacao.png
2025-09-22 12:38:37,976 - WARNING - Imagem do pilar não encontrada: C:\Users\G3NX\Documents\programa_mais_geams\assets\pillar_icons\a_forja_da_inovacao.png
2025-09-22 12:38:37,990 - WARNING - Imagem do pilar não encontrada: C:\Users\G3NX\Documents\programa_mais_geams\assets\pillar_icons\a_forja_da_inovacao.png
2025-09-22 12:38:37,992 - WARNING - Imagem do pilar não encontrada: C:\Users\G3NX\Documents\programa_mais_geams\assets\pillar_icons\a_forja_da_inovacao.png
2025-09-22 12:38:41,820 - WARNING - Imagem do pilar não encontrada: C:\Users\G3NX\Documents\programa_mais_geams\assets\pillar_icons\a_forja_da_inovacao.png
2025-09-22 12:38:41,828 - WARNING - Imagem do pilar não encontrada: C:\Users\G3NX\Documents\programa_mais_geams\assets\pillar_icons\a_forja_da_inovacao.png
2025-09-22 12:38:41,831 - WARNING - Imagem do pilar não encontrada: C:\Users\G3NX\Documents\programa_mais_geams\assets\pillar_icons\a_forja_da_inovacao.png
2025-09-22 12:38:41,833 - WARNING - Imagem do pilar não encontrada: C:\Users\G3NX\Documents\programa_mais_geams\assets\pillar_icons\a_forja_da_inovacao.png
2025-09-22 12:39:49,620 - WARNING - Imagem do pilar não encontrada: C:\Users\G3NX\Documents\programa_mais_geams\assets\pillar_icons\a_forja_da_inovacao.png
2025-09-22 12:46:31,508 - WARNING - Imagem do pilar não encontrada: C:\Users\G3NX\Documents\programa_mais_geams\assets\pillar_icons\a_forja_da_inovacao.png
2025-09-22 12:46:31,510 - WARNING - Imagem do pilar não encontrada: C:\Users\G3NX\Documents\programa_mais_geams\assets\pillar_icons\a_forja_da_inovacao.png
2025-09-22 12:46:31,512 - WARNING - Imagem do pilar não encontrada: C:\Users\G3NX\Documents\programa_mais_geams\assets\pillar_icons\a_forja_da_inovacao.png
2025-09-22 12:46:31,524 - WARNING - Imagem do pilar não encontrada: C:\Users\G3NX\Documents\programa_mais_geams\assets\pillar_icons\a_forja_da_inovacao.png
2025-09-22 12:46:31,526 - WARNING - Imagem do pilar não encontrada: C:\Users\G3NX\Documents\programa_mais_geams\assets\pillar_icons\a_forja_da_inovacao.png
2025-09-22 12:50:08,751 - WARNING - Imagem do pilar não encontrada: C:\Users\G3NX\Documents\programa_mais_geams\assets\pillar_icons\a_forja_da_inovacao.png
2025-09-22 12:50:08,754 - WARNING - Imagem do pilar não encontrada: C:\Users\G3NX\Documents\programa_mais_geams\assets\pillar_icons\a_forja_da_inovacao.png
2025-09-22 12:50:08,756 - WARNING - Imagem do pilar não encontrada: C:\Users\G3NX\Documents\programa_mais_geams\assets\pillar_icons\a_forja_da_inovacao.png
2025-09-22 12:50:08,771 - WARNING - Imagem do pilar não encontrada: C:\Users\G3NX\Documents\programa_mais_geams\assets\pillar_icons\a_forja_da_inovacao.png
2025-09-22 12:50:08,774 - WARNING - Imagem do pilar não encontrada: C:\Users\G3NX\Documents\programa_mais_geams\assets\pillar_icons\a_forja_da_inovacao.png
2025-09-22 12:52:10,697 - WARNING - Imagem do pilar não encontrada: C:\Users\G3NX\Documents\programa_mais_geams\assets\pillar_icons\a_forja_da_inovacao.png
2025-09-22 12:52:10,700 - WARNING - Imagem do pilar não encontrada: C:\Users\G3NX\Documents\programa_mais_geams\assets\pillar_icons\a_forja_da_inovacao.png
2025-09-22 12:52:10,703 - WARNING - Imagem do pilar não encontrada: C:\Users\G3NX\Documents\programa_mais_geams\assets\pillar_icons\a_forja_da_inovacao.png
2025-09-22 12:52:10,716 - WARNING - Imagem do pilar não encontrada: C:\Users\G3NX\Documents\programa_mais_geams\assets\pillar_icons\a_forja_da_inovacao.png
2025-09-22 12:52:10,719 - WARNING - Imagem do pilar não encontrada: C:\Users\G3NX\Documents\programa_mais_geams\assets\pillar_icons\a_forja_da_inovacao.png
2025-09-22 12:52:23,614 - WARNING - Imagem do pilar não encontrada: C:\Users\G3NX\Documents\programa_mais_geams\assets\pillar_icons\a_forja_da_inovacao.png
2025-09-22 12:54:19,460 - WARNING - Imagem do pilar não encontrada: C:\Users\G3NX\Documents\programa_mais_geams\assets\pillar_icons\a_forja_da_inovacao.png
2025-09-22 12:54:19,462 - WARNING - Imagem do pilar não encontrada: C:\Users\G3NX\Documents\programa_mais_geams\assets\pillar_icons\a_forja_da_inovacao.png
2025-09-22 12:54:19,465 - WARNING - Imagem do pilar não encontrada: C:\Users\G3NX\Documents\programa_mais_geams\assets\pillar_icons\a_forja_da_inovacao.png
2025-09-22 12:54:19,477 - WARNING - Imagem do pilar não encontrada: C:\Users\G3NX\Documents\programa_mais_geams\assets\pillar_icons\a_forja_da_inovacao.png
2025-09-22 12:54:19,480 - WARNING - Imagem do pilar não encontrada: C:\Users\G3NX\Documents\programa_mais_geams\assets\pillar_icons\a_forja_da_inovacao.png
2025-09-22 13:35:27,655 - WARNING - Imagem do pilar não encontrada: C:\Users\G3NX\Documents\programa_mais_geams\assets\pillar_icons\a_forja_da_inovacao.png
2025-09-22 13:35:27,657 - WARNING - Imagem do pilar não encontrada: C:\Users\G3NX\Documents\programa_mais_geams\assets\pillar_icons\a_forja_da_inovacao.png
2025-09-22 13:35:27,660 - WARNING - Imagem do pilar não encontrada: C:\Users\G3NX\Documents\programa_mais_geams\assets\pillar_icons\a_forja_da_inovacao.png
2025-09-22 13:35:27,673 - WARNING - Imagem do pilar não encontrada: C:\Users\G3NX\Documents\programa_mais_geams\assets\pillar_icons\a_forja_da_inovacao.png
2025-09-22 13:35:27,675 - WARNING - Imagem do pilar não encontrada: C:\Users\G3NX\Documents\programa_mais_geams\assets\pillar_icons\a_forja_da_inovacao.png
2025-09-22 13:39:32,247 - WARNING - Imagem do pilar não encontrada: C:\Users\G3NX\Documents\programa_mais_geams\assets\pillar_icons\a_forja_da_inovacao.png
2025-09-22 13:39:32,249 - WARNING - Imagem do pilar não encontrada: C:\Users\G3NX\Documents\programa_mais_geams\assets\pillar_icons\a_forja_da_inovacao.png
2025-09-22 13:39:32,252 - WARNING - Imagem do pilar não encontrada: C:\Users\G3NX\Documents\programa_mais_geams\assets\pillar_icons\a_forja_da_inovacao.png
2025-09-22 13:39:32,265 - WARNING - Imagem do pilar não encontrada: C:\Users\G3NX\Documents\programa_mais_geams\assets\pillar_icons\a_forja_da_inovacao.png
2025-09-22 13:39:32,268 - WARNING - Imagem do pilar não encontrada: C:\Users\G3NX\Documents\programa_mais_geams\assets\pillar_icons\a_forja_da_inovacao.png
2025-09-22 13:44:27,037 - WARNING - Imagem do pilar não encontrada: C:\Users\G3NX\Documents\programa_mais_geams\assets\pillar_icons\a_forja_da_inovacao.png
2025-09-22 13:44:27,040 - WARNING - Imagem do pilar não encontrada: C:\Users\G3NX\Documents\programa_mais_geams\assets\pillar_icons\a_forja_da_inovacao.png
2025-09-22 13:44:27,042 - WARNING - Imagem do pilar não encontrada: C:\Users\G3NX\Documents\programa_mais_geams\assets\pillar_icons\a_forja_da_inovacao.png
2025-09-22 13:44:27,052 - WARNING - Imagem do pilar não encontrada: C:\Users\G3NX\Documents\programa_mais_geams\assets\pillar_icons\a_forja_da_inovacao.png
2025-09-22 13:44:27,055 - WARNING - Imagem do pilar não encontrada: C:\Users\G3NX\Documents\programa_mais_geams\assets\pillar_icons\a_forja_da_inovacao.png
2025-09-22 13:46:32,727 - WARNING - Imagem do pilar não encontrada: C:\Users\G3NX\Documents\programa_mais_geams\assets\pillar_icons\a_forja_da_inovacao.png
2025-09-22 13:46:32,729 - WARNING - Imagem do pilar não encontrada: C:\Users\G3NX\Documents\programa_mais_geams\assets\pillar_icons\a_forja_da_inovacao.png
2025-09-22 13:46:32,732 - WARNING - Imagem do pilar não encontrada: C:\Users\G3NX\Documents\programa_mais_geams\assets\pillar_icons\a_forja_da_inovacao.png
2025-09-22 13:46:32,743 - WARNING - Imagem do pilar não encontrada: C:\Users\G3NX\Documents\programa_mais_geams\assets\pillar_icons\a_forja_da_inovacao.png
2025-09-22 13:46:32,745 - WARNING - Imagem do pilar não encontrada: C:\Users\G3NX\Documents\programa_mais_geams\assets\pillar_icons\a_forja_da_inovacao.png
2025-09-22 13:46:39,754 - WARNING - Imagem do pilar não encontrada: C:\Users\G3NX\Documents\programa_mais_geams\assets\pillar_icons\a_forja_da_inovacao.png
2025-09-22 13:46:39,756 - WARNING - Imagem do pilar não encontrada: C:\Users\G3NX\Documents\programa_mais_geams\assets\pillar_icons\a_forja_da_inovacao.png
2025-09-22 13:46:39,758 - WARNING - Imagem do pilar não encontrada: C:\Users\G3NX\Documents\programa_mais_geams\assets\pillar_icons\a_forja_da_inovacao.png
2025-09-22 13:46:39,770 - WARNING - Imagem do pilar não encontrada: C:\Users\G3NX\Documents\programa_mais_geams\assets\pillar_icons\a_forja_da_inovacao.png
2025-09-22 13:46:39,772 - WARNING - Imagem do pilar não encontrada: C:\Users\G3NX\Documents\programa_mais_geams\assets\pillar_icons\a_forja_da_inovacao.png
